\BOOKMARK [0][-]{Doc-Start}{Abstract}{}% 1
\BOOKMARK [0][-]{chapter*.1}{Acknowledgments}{}% 2
\BOOKMARK [0][-]{chapter*.2}{Contents}{}% 3
\BOOKMARK [0][-]{chapter*.3}{List of Tables}{}% 4
\BOOKMARK [0][-]{chapter*.4}{List of Figures}{}% 5
\BOOKMARK [0][-]{chapter*.5}{List of Symbols}{}% 6
\BOOKMARK [0][-]{chapter*.6}{List of Abbreviations}{}% 7
\BOOKMARK [0][-]{chapter*.7}{Preface}{}% 8
\BOOKMARK [0][-]{chapter.1}{Theoretical Framework and Methods}{}% 9
\BOOKMARK [1][-]{section.1.1}{Introduction}{chapter.1}% 10
\BOOKMARK [1][-]{section.1.2}{Governing Equations for Compressible, Inviscid Flow}{chapter.1}% 11
\BOOKMARK [1][-]{section.1.3}{Nonuniformities from swirling mean flow}{chapter.1}% 12
\BOOKMARK [1][-]{section.1.4}{Linearizing the Governing Equations}{chapter.1}% 13
\BOOKMARK [1][-]{section.1.5}{Non-Dimensionalization}{chapter.1}% 14
\BOOKMARK [1][-]{section.1.6}{Analytical Solution to Sound Propagation in ducted flows}{chapter.1}% 15
\BOOKMARK [0][-]{chapter.2}{Results and Discusssion}{}% 16
\BOOKMARK [1][-]{section.2.1}{Verification}{chapter.2}% 17
\BOOKMARK [2][-]{subsection.2.1.1}{Introduction}{section.2.1}% 18
\BOOKMARK [2][-]{subsection.2.1.2}{MMS, Solutions}{section.2.1}% 19
\BOOKMARK [0][-]{chapter*.8}{References}{}% 20
