This is pdfTeX, Version 3.14159265-2.6-1.40.20 (TeX Live 2019/Debian) (preloaded format=pdflatex 2021.2.2)  4 MAY 2022 23:48
entering extended mode
 restricted \write18 enabled.
 %&-line parsing enabled.
**plotReport.tex
(./plotReport.tex
LaTeX2e <2020-02-02> patch level 2
L3 programming layer <2020-02-14>
(/usr/share/texlive/texmf-dist/tex/latex/base/article.cls
Document Class: article 2019/12/20 v1.4l Standard LaTeX document class
(/usr/share/texlive/texmf-dist/tex/latex/base/size10.clo
File: size10.clo 2019/12/20 v1.4l Standard LaTeX file (size option)
)
\c@part=\count167
\c@section=\count168
\c@subsection=\count169
\c@subsubsection=\count170
\c@paragraph=\count171
\c@subparagraph=\count172
\c@figure=\count173
\c@table=\count174
\abovecaptionskip=\skip47
\belowcaptionskip=\skip48
\bibindent=\dimen134
)
(/usr/share/texlive/texmf-dist/tex/latex/base/inputenc.sty
Package: inputenc 2018/08/11 v1.3c Input encoding file
\inpenc@prehook=\toks14
\inpenc@posthook=\toks15
)
(/usr/share/texlive/texmf-dist/tex/latex/tools/tabularx.sty
Package: tabularx 2020/01/15 v2.11c `tabularx' package (DPC)

(/usr/share/texlive/texmf-dist/tex/latex/tools/array.sty
Package: array 2019/08/31 v2.4l Tabular extension package (FMi)
\col@sep=\dimen135
\ar@mcellbox=\box45
\extrarowheight=\dimen136
\NC@list=\toks16
\extratabsurround=\skip49
\backup@length=\skip50
\ar@cellbox=\box46
)
\TX@col@width=\dimen137
\TX@old@table=\dimen138
\TX@old@col=\dimen139
\TX@target=\dimen140
\TX@delta=\dimen141
\TX@cols=\count175
\TX@ftn=\toks17
)
(/usr/share/texlive/texmf-dist/tex/latex/booktabs/booktabs.sty
Package: booktabs 2020/01/12 v1.61803398 Publication quality tables
\heavyrulewidth=\dimen142
\lightrulewidth=\dimen143
\cmidrulewidth=\dimen144
\belowrulesep=\dimen145
\belowbottomsep=\dimen146
\aboverulesep=\dimen147
\abovetopsep=\dimen148
\cmidrulesep=\dimen149
\cmidrulekern=\dimen150
\defaultaddspace=\dimen151
\@cmidla=\count176
\@cmidlb=\count177
\@aboverulesep=\dimen152
\@belowrulesep=\dimen153
\@thisruleclass=\count178
\@lastruleclass=\count179
\@thisrulewidth=\dimen154
)
(/usr/share/texlive/texmf-dist/tex/latex/tools/verbatim.sty
Package: verbatim 2019/11/10 v1.5r LaTeX2e package for verbatim enhancements
\every@verbatim=\toks18
\verbatim@line=\toks19
\verbatim@in@stream=\read2
)
(/usr/share/texlive/texmf-dist/tex/latex/pgf/basiclayer/pgf.sty
(/usr/share/texlive/texmf-dist/tex/latex/pgf/utilities/pgfrcs.sty
(/usr/share/texlive/texmf-dist/tex/generic/pgf/utilities/pgfutil-common.tex
\pgfutil@everybye=\toks20
\pgfutil@tempdima=\dimen155
\pgfutil@tempdimb=\dimen156

(/usr/share/texlive/texmf-dist/tex/generic/pgf/utilities/pgfutil-common-lists.t
ex)) (/usr/share/texlive/texmf-dist/tex/generic/pgf/utilities/pgfutil-latex.def
\pgfutil@abb=\box47
(/usr/share/texlive/texmf-dist/tex/latex/ms/everyshi.sty
Package: everyshi 2001/05/15 v3.00 EveryShipout Package (MS)
))
(/usr/share/texlive/texmf-dist/tex/generic/pgf/utilities/pgfrcs.code.tex
(/usr/share/texlive/texmf-dist/tex/generic/pgf/pgf.revision.tex)
Package: pgfrcs 2020/01/08 v3.1.5b (3.1.5b)
))
Package: pgf 2020/01/08 v3.1.5b (3.1.5b)

(/usr/share/texlive/texmf-dist/tex/latex/pgf/basiclayer/pgfcore.sty
(/usr/share/texlive/texmf-dist/tex/latex/graphics/graphicx.sty
Package: graphicx 2019/11/30 v1.2a Enhanced LaTeX Graphics (DPC,SPQR)

(/usr/share/texlive/texmf-dist/tex/latex/graphics/keyval.sty
Package: keyval 2014/10/28 v1.15 key=value parser (DPC)
\KV@toks@=\toks21
)
(/usr/share/texlive/texmf-dist/tex/latex/graphics/graphics.sty
Package: graphics 2019/11/30 v1.4a Standard LaTeX Graphics (DPC,SPQR)

(/usr/share/texlive/texmf-dist/tex/latex/graphics/trig.sty
Package: trig 2016/01/03 v1.10 sin cos tan (DPC)
)
(/usr/share/texlive/texmf-dist/tex/latex/graphics-cfg/graphics.cfg
File: graphics.cfg 2016/06/04 v1.11 sample graphics configuration
)
Package graphics Info: Driver file: pdftex.def on input line 105.

(/usr/share/texlive/texmf-dist/tex/latex/graphics-def/pdftex.def
File: pdftex.def 2018/01/08 v1.0l Graphics/color driver for pdftex
))
\Gin@req@height=\dimen157
\Gin@req@width=\dimen158
)
(/usr/share/texlive/texmf-dist/tex/latex/pgf/systemlayer/pgfsys.sty
(/usr/share/texlive/texmf-dist/tex/generic/pgf/systemlayer/pgfsys.code.tex
Package: pgfsys 2020/01/08 v3.1.5b (3.1.5b)

(/usr/share/texlive/texmf-dist/tex/generic/pgf/utilities/pgfkeys.code.tex
\pgfkeys@pathtoks=\toks22
\pgfkeys@temptoks=\toks23

(/usr/share/texlive/texmf-dist/tex/generic/pgf/utilities/pgfkeysfiltered.code.t
ex
\pgfkeys@tmptoks=\toks24
))
\pgf@x=\dimen159
\pgf@y=\dimen160
\pgf@xa=\dimen161
\pgf@ya=\dimen162
\pgf@xb=\dimen163
\pgf@yb=\dimen164
\pgf@xc=\dimen165
\pgf@yc=\dimen166
\pgf@xd=\dimen167
\pgf@yd=\dimen168
\w@pgf@writea=\write3
\r@pgf@reada=\read3
\c@pgf@counta=\count180
\c@pgf@countb=\count181
\c@pgf@countc=\count182
\c@pgf@countd=\count183
\t@pgf@toka=\toks25
\t@pgf@tokb=\toks26
\t@pgf@tokc=\toks27
\pgf@sys@id@count=\count184
 (/usr/share/texlive/texmf-dist/tex/generic/pgf/systemlayer/pgf.cfg
File: pgf.cfg 2020/01/08 v3.1.5b (3.1.5b)
)
Driver file for pgf: pgfsys-pdftex.def

(/usr/share/texlive/texmf-dist/tex/generic/pgf/systemlayer/pgfsys-pdftex.def
File: pgfsys-pdftex.def 2020/01/08 v3.1.5b (3.1.5b)

(/usr/share/texlive/texmf-dist/tex/generic/pgf/systemlayer/pgfsys-common-pdf.de
f
File: pgfsys-common-pdf.def 2020/01/08 v3.1.5b (3.1.5b)
)))
(/usr/share/texlive/texmf-dist/tex/generic/pgf/systemlayer/pgfsyssoftpath.code.
tex
File: pgfsyssoftpath.code.tex 2020/01/08 v3.1.5b (3.1.5b)
\pgfsyssoftpath@smallbuffer@items=\count185
\pgfsyssoftpath@bigbuffer@items=\count186
)
(/usr/share/texlive/texmf-dist/tex/generic/pgf/systemlayer/pgfsysprotocol.code.
tex
File: pgfsysprotocol.code.tex 2020/01/08 v3.1.5b (3.1.5b)
)) (/usr/share/texlive/texmf-dist/tex/latex/xcolor/xcolor.sty
Package: xcolor 2016/05/11 v2.12 LaTeX color extensions (UK)

(/usr/share/texlive/texmf-dist/tex/latex/graphics-cfg/color.cfg
File: color.cfg 2016/01/02 v1.6 sample color configuration
)
Package xcolor Info: Driver file: pdftex.def on input line 225.
Package xcolor Info: Model `cmy' substituted by `cmy0' on input line 1348.
Package xcolor Info: Model `hsb' substituted by `rgb' on input line 1352.
Package xcolor Info: Model `RGB' extended on input line 1364.
Package xcolor Info: Model `HTML' substituted by `rgb' on input line 1366.
Package xcolor Info: Model `Hsb' substituted by `hsb' on input line 1367.
Package xcolor Info: Model `tHsb' substituted by `hsb' on input line 1368.
Package xcolor Info: Model `HSB' substituted by `hsb' on input line 1369.
Package xcolor Info: Model `Gray' substituted by `gray' on input line 1370.
Package xcolor Info: Model `wave' substituted by `hsb' on input line 1371.
)
(/usr/share/texlive/texmf-dist/tex/generic/pgf/basiclayer/pgfcore.code.tex
Package: pgfcore 2020/01/08 v3.1.5b (3.1.5b)

(/usr/share/texlive/texmf-dist/tex/generic/pgf/math/pgfmath.code.tex
(/usr/share/texlive/texmf-dist/tex/generic/pgf/math/pgfmathcalc.code.tex
(/usr/share/texlive/texmf-dist/tex/generic/pgf/math/pgfmathutil.code.tex)
(/usr/share/texlive/texmf-dist/tex/generic/pgf/math/pgfmathparser.code.tex
\pgfmath@dimen=\dimen169
\pgfmath@count=\count187
\pgfmath@box=\box48
\pgfmath@toks=\toks28
\pgfmath@stack@operand=\toks29
\pgfmath@stack@operation=\toks30
)
(/usr/share/texlive/texmf-dist/tex/generic/pgf/math/pgfmathfunctions.code.tex
(/usr/share/texlive/texmf-dist/tex/generic/pgf/math/pgfmathfunctions.basic.code
.tex)
(/usr/share/texlive/texmf-dist/tex/generic/pgf/math/pgfmathfunctions.trigonomet
ric.code.tex)
(/usr/share/texlive/texmf-dist/tex/generic/pgf/math/pgfmathfunctions.random.cod
e.tex)
(/usr/share/texlive/texmf-dist/tex/generic/pgf/math/pgfmathfunctions.comparison
.code.tex)
(/usr/share/texlive/texmf-dist/tex/generic/pgf/math/pgfmathfunctions.base.code.
tex)
(/usr/share/texlive/texmf-dist/tex/generic/pgf/math/pgfmathfunctions.round.code
.tex)
(/usr/share/texlive/texmf-dist/tex/generic/pgf/math/pgfmathfunctions.misc.code.
tex)
(/usr/share/texlive/texmf-dist/tex/generic/pgf/math/pgfmathfunctions.integerari
thmetics.code.tex)))
(/usr/share/texlive/texmf-dist/tex/generic/pgf/math/pgfmathfloat.code.tex
\c@pgfmathroundto@lastzeros=\count188
))
(/usr/share/texlive/texmf-dist/tex/generic/pgf/math/pgfint.code.tex)
(/usr/share/texlive/texmf-dist/tex/generic/pgf/basiclayer/pgfcorepoints.code.te
x
File: pgfcorepoints.code.tex 2020/01/08 v3.1.5b (3.1.5b)
\pgf@picminx=\dimen170
\pgf@picmaxx=\dimen171
\pgf@picminy=\dimen172
\pgf@picmaxy=\dimen173
\pgf@pathminx=\dimen174
\pgf@pathmaxx=\dimen175
\pgf@pathminy=\dimen176
\pgf@pathmaxy=\dimen177
\pgf@xx=\dimen178
\pgf@xy=\dimen179
\pgf@yx=\dimen180
\pgf@yy=\dimen181
\pgf@zx=\dimen182
\pgf@zy=\dimen183
)
(/usr/share/texlive/texmf-dist/tex/generic/pgf/basiclayer/pgfcorepathconstruct.
code.tex
File: pgfcorepathconstruct.code.tex 2020/01/08 v3.1.5b (3.1.5b)
\pgf@path@lastx=\dimen184
\pgf@path@lasty=\dimen185
)
(/usr/share/texlive/texmf-dist/tex/generic/pgf/basiclayer/pgfcorepathusage.code
.tex
File: pgfcorepathusage.code.tex 2020/01/08 v3.1.5b (3.1.5b)
\pgf@shorten@end@additional=\dimen186
\pgf@shorten@start@additional=\dimen187
)
(/usr/share/texlive/texmf-dist/tex/generic/pgf/basiclayer/pgfcorescopes.code.te
x
File: pgfcorescopes.code.tex 2020/01/08 v3.1.5b (3.1.5b)
\pgfpic=\box49
\pgf@hbox=\box50
\pgf@layerbox@main=\box51
\pgf@picture@serial@count=\count189
)
(/usr/share/texlive/texmf-dist/tex/generic/pgf/basiclayer/pgfcoregraphicstate.c
ode.tex
File: pgfcoregraphicstate.code.tex 2020/01/08 v3.1.5b (3.1.5b)
\pgflinewidth=\dimen188
)
(/usr/share/texlive/texmf-dist/tex/generic/pgf/basiclayer/pgfcoretransformation
s.code.tex
File: pgfcoretransformations.code.tex 2020/01/08 v3.1.5b (3.1.5b)
\pgf@pt@x=\dimen189
\pgf@pt@y=\dimen190
\pgf@pt@temp=\dimen191
)
(/usr/share/texlive/texmf-dist/tex/generic/pgf/basiclayer/pgfcorequick.code.tex
File: pgfcorequick.code.tex 2020/01/08 v3.1.5b (3.1.5b)
)
(/usr/share/texlive/texmf-dist/tex/generic/pgf/basiclayer/pgfcoreobjects.code.t
ex
File: pgfcoreobjects.code.tex 2020/01/08 v3.1.5b (3.1.5b)
)
(/usr/share/texlive/texmf-dist/tex/generic/pgf/basiclayer/pgfcorepathprocessing
.code.tex
File: pgfcorepathprocessing.code.tex 2020/01/08 v3.1.5b (3.1.5b)
)
(/usr/share/texlive/texmf-dist/tex/generic/pgf/basiclayer/pgfcorearrows.code.te
x
File: pgfcorearrows.code.tex 2020/01/08 v3.1.5b (3.1.5b)
\pgfarrowsep=\dimen192
)
(/usr/share/texlive/texmf-dist/tex/generic/pgf/basiclayer/pgfcoreshade.code.tex
File: pgfcoreshade.code.tex 2020/01/08 v3.1.5b (3.1.5b)
\pgf@max=\dimen193
\pgf@sys@shading@range@num=\count190
\pgf@shadingcount=\count191
)
(/usr/share/texlive/texmf-dist/tex/generic/pgf/basiclayer/pgfcoreimage.code.tex
File: pgfcoreimage.code.tex 2020/01/08 v3.1.5b (3.1.5b)

(/usr/share/texlive/texmf-dist/tex/generic/pgf/basiclayer/pgfcoreexternal.code.
tex
File: pgfcoreexternal.code.tex 2020/01/08 v3.1.5b (3.1.5b)
\pgfexternal@startupbox=\box52
))
(/usr/share/texlive/texmf-dist/tex/generic/pgf/basiclayer/pgfcorelayers.code.te
x
File: pgfcorelayers.code.tex 2020/01/08 v3.1.5b (3.1.5b)
)
(/usr/share/texlive/texmf-dist/tex/generic/pgf/basiclayer/pgfcoretransparency.c
ode.tex
File: pgfcoretransparency.code.tex 2020/01/08 v3.1.5b (3.1.5b)
)
(/usr/share/texlive/texmf-dist/tex/generic/pgf/basiclayer/pgfcorepatterns.code.
tex
File: pgfcorepatterns.code.tex 2020/01/08 v3.1.5b (3.1.5b)
)
(/usr/share/texlive/texmf-dist/tex/generic/pgf/basiclayer/pgfcorerdf.code.tex
File: pgfcorerdf.code.tex 2020/01/08 v3.1.5b (3.1.5b)
)))
(/usr/share/texlive/texmf-dist/tex/generic/pgf/modules/pgfmoduleshapes.code.tex
File: pgfmoduleshapes.code.tex 2020/01/08 v3.1.5b (3.1.5b)
\pgfnodeparttextbox=\box53
) (/usr/share/texlive/texmf-dist/tex/generic/pgf/modules/pgfmoduleplot.code.tex
File: pgfmoduleplot.code.tex 2020/01/08 v3.1.5b (3.1.5b)
)
(/usr/share/texlive/texmf-dist/tex/latex/pgf/compatibility/pgfcomp-version-0-65
.sty
Package: pgfcomp-version-0-65 2020/01/08 v3.1.5b (3.1.5b)
\pgf@nodesepstart=\dimen194
\pgf@nodesepend=\dimen195
)
(/usr/share/texlive/texmf-dist/tex/latex/pgf/compatibility/pgfcomp-version-1-18
.sty
Package: pgfcomp-version-1-18 2020/01/08 v3.1.5b (3.1.5b)
)) (/usr/share/texlive/texmf-dist/tex/latex/pgfplots/pgfplots.sty
(/usr/share/texlive/texmf-dist/tex/generic/pgfplots/pgfplots.revision.tex)
Package: pgfplots 2018/03/28 v1.16 Data Visualization (1.16)

(/usr/share/texlive/texmf-dist/tex/latex/pgf/frontendlayer/tikz.sty
(/usr/share/texlive/texmf-dist/tex/latex/pgf/utilities/pgffor.sty
(/usr/share/texlive/texmf-dist/tex/latex/pgf/utilities/pgfkeys.sty
(/usr/share/texlive/texmf-dist/tex/generic/pgf/utilities/pgfkeys.code.tex))
(/usr/share/texlive/texmf-dist/tex/latex/pgf/math/pgfmath.sty
(/usr/share/texlive/texmf-dist/tex/generic/pgf/math/pgfmath.code.tex))
(/usr/share/texlive/texmf-dist/tex/generic/pgf/utilities/pgffor.code.tex
Package: pgffor 2020/01/08 v3.1.5b (3.1.5b)

(/usr/share/texlive/texmf-dist/tex/generic/pgf/math/pgfmath.code.tex)
\pgffor@iter=\dimen196
\pgffor@skip=\dimen197
\pgffor@stack=\toks31
\pgffor@toks=\toks32
))
(/usr/share/texlive/texmf-dist/tex/generic/pgf/frontendlayer/tikz/tikz.code.tex
Package: tikz 2020/01/08 v3.1.5b (3.1.5b)

(/usr/share/texlive/texmf-dist/tex/generic/pgf/libraries/pgflibraryplothandlers
.code.tex
File: pgflibraryplothandlers.code.tex 2020/01/08 v3.1.5b (3.1.5b)
\pgf@plot@mark@count=\count192
\pgfplotmarksize=\dimen198
)
\tikz@lastx=\dimen199
\tikz@lasty=\dimen256
\tikz@lastxsaved=\dimen257
\tikz@lastysaved=\dimen258
\tikz@lastmovetox=\dimen259
\tikz@lastmovetoy=\dimen260
\tikzleveldistance=\dimen261
\tikzsiblingdistance=\dimen262
\tikz@figbox=\box54
\tikz@figbox@bg=\box55
\tikz@tempbox=\box56
\tikz@tempbox@bg=\box57
\tikztreelevel=\count193
\tikznumberofchildren=\count194
\tikznumberofcurrentchild=\count195
\tikz@fig@count=\count196

(/usr/share/texlive/texmf-dist/tex/generic/pgf/modules/pgfmodulematrix.code.tex
File: pgfmodulematrix.code.tex 2020/01/08 v3.1.5b (3.1.5b)
\pgfmatrixcurrentrow=\count197
\pgfmatrixcurrentcolumn=\count198
\pgf@matrix@numberofcolumns=\count199
)
\tikz@expandcount=\count266

(/usr/share/texlive/texmf-dist/tex/generic/pgf/frontendlayer/tikz/libraries/tik
zlibrarytopaths.code.tex
File: tikzlibrarytopaths.code.tex 2020/01/08 v3.1.5b (3.1.5b)
)))
(/usr/share/texlive/texmf-dist/tex/generic/pgfplots/pgfplots.code.tex
(/usr/share/texlive/texmf-dist/tex/generic/pgfplots/pgfplotscore.code.tex
\t@pgfplots@toka=\toks33
\t@pgfplots@tokb=\toks34
\t@pgfplots@tokc=\toks35
\pgfplots@tmpa=\dimen263
\c@pgfplots@coordindex=\count267
\c@pgfplots@scanlineindex=\count268

(/usr/share/texlive/texmf-dist/tex/generic/pgfplots/sys/pgfplotssysgeneric.code
.tex))
(/usr/share/texlive/texmf-dist/tex/generic/pgfplots/libs/pgfplotslibrary.code.t
ex)
(/usr/share/texlive/texmf-dist/tex/generic/pgfplots/oldpgfcompatib/pgfplotsoldp
gfsupp_loader.code.tex
(/usr/share/texlive/texmf-dist/tex/generic/pgf/libraries/pgflibraryfpu.code.tex
))
(/usr/share/texlive/texmf-dist/tex/generic/pgfplots/util/pgfplotsutil.code.tex
(/usr/share/texlive/texmf-dist/tex/generic/pgfplots/liststructure/pgfplotslists
tructure.code.tex)
(/usr/share/texlive/texmf-dist/tex/generic/pgfplots/liststructure/pgfplotslists
tructureext.code.tex)
(/usr/share/texlive/texmf-dist/tex/generic/pgfplots/liststructure/pgfplotsarray
.code.tex
\c@pgfplotsarray@tmp=\count269
)
(/usr/share/texlive/texmf-dist/tex/generic/pgfplots/liststructure/pgfplotsmatri
x.code.tex)
(/usr/share/texlive/texmf-dist/tex/generic/pgfplots/numtable/pgfplotstableshare
d.code.tex
\c@pgfplotstable@counta=\count270
\t@pgfplotstable@a=\toks36
)
(/usr/share/texlive/texmf-dist/tex/generic/pgfplots/liststructure/pgfplotsdeque
.code.tex)
(/usr/share/texlive/texmf-dist/tex/generic/pgfplots/util/pgfplotsbinary.code.te
x
(/usr/share/texlive/texmf-dist/tex/generic/pgfplots/util/pgfplotsbinary.data.co
de.tex))
(/usr/share/texlive/texmf-dist/tex/generic/pgfplots/util/pgfplotsutil.verb.code
.tex)
(/usr/share/texlive/texmf-dist/tex/generic/pgfplots/libs/pgflibrarypgfplots.sur
fshading.code.tex
\c@pgfplotslibrarysurf@no=\count271

(/usr/share/texlive/texmf-dist/tex/generic/pgfplots/sys/pgflibrarypgfplots.surf
shading.pgfsys-pdftex.def)))
(/usr/share/texlive/texmf-dist/tex/generic/pgfplots/util/pgfplotscolormap.code.
tex
(/usr/share/texlive/texmf-dist/tex/generic/pgfplots/util/pgfplotscolor.code.tex
))
(/usr/share/texlive/texmf-dist/tex/generic/pgfplots/pgfplotsstackedplots.code.t
ex)
(/usr/share/texlive/texmf-dist/tex/generic/pgfplots/pgfplotsplothandlers.code.t
ex
(/usr/share/texlive/texmf-dist/tex/generic/pgfplots/pgfplotsmeshplothandler.cod
e.tex
(/usr/share/texlive/texmf-dist/tex/generic/pgfplots/pgfplotsmeshplotimage.code.
tex)))
(/usr/share/texlive/texmf-dist/tex/generic/pgfplots/pgfplots.scaling.code.tex)
(/usr/share/texlive/texmf-dist/tex/generic/pgfplots/pgfplotscoordprocessing.cod
e.tex)
(/usr/share/texlive/texmf-dist/tex/generic/pgfplots/pgfplots.errorbars.code.tex
) (/usr/share/texlive/texmf-dist/tex/generic/pgfplots/pgfplots.markers.code.tex
) (/usr/share/texlive/texmf-dist/tex/generic/pgfplots/pgfplotsticks.code.tex)
(/usr/share/texlive/texmf-dist/tex/generic/pgfplots/pgfplots.paths.code.tex)
(/usr/share/texlive/texmf-dist/tex/generic/pgf/frontendlayer/tikz/libraries/tik
zlibrarydecorations.code.tex
(/usr/share/texlive/texmf-dist/tex/generic/pgf/modules/pgfmoduledecorations.cod
e.tex
\pgfdecoratedcompleteddistance=\dimen264
\pgfdecoratedremainingdistance=\dimen265
\pgfdecoratedinputsegmentcompleteddistance=\dimen266
\pgfdecoratedinputsegmentremainingdistance=\dimen267
\pgf@decorate@distancetomove=\dimen268
\pgf@decorate@repeatstate=\count272
\pgfdecorationsegmentamplitude=\dimen269
\pgfdecorationsegmentlength=\dimen270
)
\tikz@lib@dec@box=\box58
)
(/usr/share/texlive/texmf-dist/tex/generic/pgf/frontendlayer/tikz/libraries/tik
zlibrarydecorations.pathmorphing.code.tex
(/usr/share/texlive/texmf-dist/tex/generic/pgf/libraries/decorations/pgflibrary
decorations.pathmorphing.code.tex))
(/usr/share/texlive/texmf-dist/tex/generic/pgf/frontendlayer/tikz/libraries/tik
zlibrarydecorations.pathreplacing.code.tex
(/usr/share/texlive/texmf-dist/tex/generic/pgf/libraries/decorations/pgflibrary
decorations.pathreplacing.code.tex))
\pgfplots@numplots=\count273
\pgfplots@xmin@reg=\dimen271
\pgfplots@xmax@reg=\dimen272
\pgfplots@ymin@reg=\dimen273
\pgfplots@ymax@reg=\dimen274
\pgfplots@zmin@reg=\dimen275
\pgfplots@zmax@reg=\dimen276
)
(/usr/share/texlive/texmf-dist/tex/generic/pgf/frontendlayer/tikz/libraries/tik
zlibraryplotmarks.code.tex
File: tikzlibraryplotmarks.code.tex 2020/01/08 v3.1.5b (3.1.5b)

(/usr/share/texlive/texmf-dist/tex/generic/pgf/libraries/pgflibraryplotmarks.co
de.tex
File: pgflibraryplotmarks.code.tex 2020/01/08 v3.1.5b (3.1.5b)
)))
   defining Unicode char U+2212 (decimal 8722)

(/usr/share/texlive/texmf-dist/tex/generic/pgfplots/libs/tikzlibrarypgfplots.gr
oupplots.code.tex
\pgfplots@group@current@plot=\count274
\pgfplots@group@current@row=\count275
\pgfplots@group@current@column=\count276

(/usr/share/texlive/texmf-dist/tex/generic/pgf/frontendlayer/tikz/libraries/tik
zlibrarycalc.code.tex
File: tikzlibrarycalc.code.tex 2020/01/08 v3.1.5b (3.1.5b)
))
(/usr/share/texlive/texmf-dist/tex/generic/pgfplots/libs/tikzlibrarypgfplots.da
teplot.code.tex
(/usr/share/texlive/texmf-dist/tex/latex/pgf/utilities/pgfcalendar.sty
(/usr/share/texlive/texmf-dist/tex/generic/pgf/utilities/pgfcalendar.code.tex
File: pgfcalendar.code.tex 2020/01/08 v3.1.5b (3.1.5b)

(/usr/share/texlive/texmf-dist/tex/generic/pgf/math/pgfint.code.tex)
\pgfcalendarcurrentjulian=\count277
\pgf@cal@easter@Y=\count278
\pgf@cal@easter@G=\count279
\pgf@cal@easter@C=\count280
\pgf@cal@easter@X=\count281
\pgf@cal@easter@Z=\count282
\pgf@cal@easter@D=\count283
\pgf@cal@easter@E=\count284
\pgf@cal@easter@N=\count285
\pgf@cal@easter@M=\count286
\pgf@cal@easter@julianday=\count287
)))
(/usr/share/texlive/texmf-dist/tex/generic/pgf/frontendlayer/tikz/libraries/tik
zlibrarypatterns.code.tex
File: tikzlibrarypatterns.code.tex 2020/01/08 v3.1.5b (3.1.5b)

(/usr/share/texlive/texmf-dist/tex/generic/pgf/libraries/pgflibrarypatterns.cod
e.tex
File: pgflibrarypatterns.code.tex 2020/01/08 v3.1.5b (3.1.5b)
))
(/usr/share/texlive/texmf-dist/tex/generic/pgf/frontendlayer/tikz/libraries/tik
zlibraryshapes.arrows.code.tex
File: tikzlibraryshapes.arrows.code.tex 2020/01/08 v3.1.5b (3.1.5b)

(/usr/share/texlive/texmf-dist/tex/generic/pgf/libraries/shapes/pgflibraryshape
s.arrows.code.tex
File: pgflibraryshapes.arrows.code.tex 2020/01/08 v3.1.5b (3.1.5b)
))
(/usr/share/texlive/texmf-dist/tex/latex/l3backend/l3backend-pdfmode.def
File: l3backend-pdfmode.def 2020-02-03 L3 backend support: PDF mode
\l__kernel_color_stack_int=\count288
\l__pdf_internal_box=\box59
)
(./plotReport.aux)
\openout1 = `plotReport.aux'.

LaTeX Font Info:    Checking defaults for OML/cmm/m/it on input line 15.
LaTeX Font Info:    ... okay on input line 15.
LaTeX Font Info:    Checking defaults for OMS/cmsy/m/n on input line 15.
LaTeX Font Info:    ... okay on input line 15.
LaTeX Font Info:    Checking defaults for OT1/cmr/m/n on input line 15.
LaTeX Font Info:    ... okay on input line 15.
LaTeX Font Info:    Checking defaults for T1/cmr/m/n on input line 15.
LaTeX Font Info:    ... okay on input line 15.
LaTeX Font Info:    Checking defaults for TS1/cmr/m/n on input line 15.
LaTeX Font Info:    ... okay on input line 15.
LaTeX Font Info:    Checking defaults for OMX/cmex/m/n on input line 15.
LaTeX Font Info:    ... okay on input line 15.
LaTeX Font Info:    Checking defaults for U/cmr/m/n on input line 15.
LaTeX Font Info:    ... okay on input line 15.
 ABD: EveryShipout initializing macros
(/usr/share/texlive/texmf-dist/tex/context/base/mkii/supp-pdf.mkii
[Loading MPS to PDF converter (version 2006.09.02).]
\scratchcounter=\count289
\scratchdimen=\dimen277
\scratchbox=\box60
\nofMPsegments=\count290
\nofMParguments=\count291
\everyMPshowfont=\toks37
\MPscratchCnt=\count292
\MPscratchDim=\dimen278
\MPnumerator=\count293
\makeMPintoPDFobject=\count294
\everyMPtoPDFconversion=\toks38
) (/usr/share/texlive/texmf-dist/tex/latex/epstopdf-pkg/epstopdf-base.sty
Package: epstopdf-base 2020-01-24 v2.11 Base part for package epstopdf
Package epstopdf-base Info: Redefining graphics rule for `.eps' on input line 4
85.

(/usr/share/texlive/texmf-dist/tex/latex/latexconfig/epstopdf-sys.cfg
File: epstopdf-sys.cfg 2010/07/13 v1.3 Configuration of (r)epstopdf for TeX Liv
e
))
Package pgfplots notification 'compat/show suggested version=true': document ha
s been generated with the most recent feature set (\pgfplotsset{compat=1.16}).


(/home/jeff-severino/SWIRL/CodeRun/03-plotReport/tex-outputs/gam.non.acc.table4
_3_32pts1.tex
LaTeX Font Info:    External font `cmex10' loaded for size
(Font)              <9> on input line 1.
LaTeX Font Info:    External font `cmex10' loaded for size
(Font)              <6> on input line 1.
LaTeX Font Info:    External font `cmex10' loaded for size
(Font)              <5> on input line 1.
LaTeX Font Info:    Trying to load font information for OMS+cmr on input line 3
.
 (/usr/share/texlive/texmf-dist/tex/latex/base/omscmr.fd
File: omscmr.fd 2019/12/16 v2.5j Standard LaTeX font definitions
)
LaTeX Font Info:    Font shape `OMS/cmr/m/n' in size <9> not available
(Font)              Font shape `OMS/cmsy/m/n' tried instead on input line 3.
)
(/home/jeff-severino/SWIRL/CodeRun/03-plotReport/tex-outputs/gam.non.acc.table4
_3_32pts2.tex)
(/home/jeff-severino/SWIRL/CodeRun/03-plotReport/tex-outputs/gam.non.acc.table4
_3_64pts.tex)
(/home/jeff-severino/SWIRL/CodeRun/03-plotReport/tex-outputs/gam.non.acc.table4
_3_128pts.tex)
(/home/jeff-severino/SWIRL/CodeRun/03-plotReport/tex-outputs/gam.non.acc.table4
_3_256pts.tex)
</home/jeff-severino/SWIRL/CodeRun/03-plotReport/tex-outputs/gam.nonconv.scatte
r32.pdf, id=4, 300.60306pt x 189.91954pt>
File: /home/jeff-severino/SWIRL/CodeRun/03-plotReport/tex-outputs/gam.nonconv.s
catter32.pdf Graphic file (type pdf)
<use /home/jeff-severino/SWIRL/CodeRun/03-plotReport/tex-outputs/gam.nonconv.sc
atter32.pdf>
Package pdftex.def Info: /home/jeff-severino/SWIRL/CodeRun/03-plotReport/tex-ou
tputs/gam.nonconv.scatter32.pdf  used on input line 97.
(pdftex.def)             Requested size: 345.0pt x 217.97397pt.
</home/jeff-severino/SWIRL/CodeRun/03-plotReport/tex-outputs/gam.nonconv.scatte
r64.pdf, id=5, 300.60306pt x 189.91954pt>
File: /home/jeff-severino/SWIRL/CodeRun/03-plotReport/tex-outputs/gam.nonconv.s
catter64.pdf Graphic file (type pdf)
<use /home/jeff-severino/SWIRL/CodeRun/03-plotReport/tex-outputs/gam.nonconv.sc
atter64.pdf>
Package pdftex.def Info: /home/jeff-severino/SWIRL/CodeRun/03-plotReport/tex-ou
tputs/gam.nonconv.scatter64.pdf  used on input line 103.
(pdftex.def)             Requested size: 345.0pt x 217.97397pt.
</home/jeff-severino/SWIRL/CodeRun/03-plotReport/tex-outputs/gam.nonconv.scatte
r128.pdf, id=6, 300.60306pt x 191.37498pt>
File: /home/jeff-severino/SWIRL/CodeRun/03-plotReport/tex-outputs/gam.nonconv.s
catter128.pdf Graphic file (type pdf)
<use /home/jeff-severino/SWIRL/CodeRun/03-plotReport/tex-outputs/gam.nonconv.sc
atter128.pdf>
Package pdftex.def Info: /home/jeff-severino/SWIRL/CodeRun/03-plotReport/tex-ou
tputs/gam.nonconv.scatter128.pdf  used on input line 110.
(pdftex.def)             Requested size: 345.0pt x 219.64441pt.
</home/jeff-severino/SWIRL/CodeRun/03-plotReport/tex-outputs/gam.nonconv.scatte
r256.pdf, id=7, 300.60306pt x 191.114pt>
File: /home/jeff-severino/SWIRL/CodeRun/03-plotReport/tex-outputs/gam.nonconv.s
catter256.pdf Graphic file (type pdf)
<use /home/jeff-severino/SWIRL/CodeRun/03-plotReport/tex-outputs/gam.nonconv.sc
atter256.pdf>
Package pdftex.def Info: /home/jeff-severino/SWIRL/CodeRun/03-plotReport/tex-ou
tputs/gam.nonconv.scatter256.pdf  used on input line 117.
(pdftex.def)             Requested size: 345.0pt x 219.34488pt.
</home/jeff-severino/SWIRL/CodeRun/03-plotReport/tex-outputs/egv1.pdf, id=8, 32
1.10966pt x 203.65083pt>
File: /home/jeff-severino/SWIRL/CodeRun/03-plotReport/tex-outputs/egv1.pdf Grap
hic file (type pdf)
<use /home/jeff-severino/SWIRL/CodeRun/03-plotReport/tex-outputs/egv1.pdf>
Package pdftex.def Info: /home/jeff-severino/SWIRL/CodeRun/03-plotReport/tex-ou
tputs/egv1.pdf  used on input line 124.
(pdftex.def)             Requested size: 345.0pt x 218.8116pt.
LaTeX Font Info:    External font `cmex10' loaded for size
(Font)              <7> on input line 125.
</home/jeff-severino/SWIRL/CodeRun/03-plotReport/tex-outputs/egv2.pdf, id=9, 31
6.84373pt x 204.765pt>
File: /home/jeff-severino/SWIRL/CodeRun/03-plotReport/tex-outputs/egv2.pdf Grap
hic file (type pdf)
<use /home/jeff-severino/SWIRL/CodeRun/03-plotReport/tex-outputs/egv2.pdf>
Package pdftex.def Info: /home/jeff-severino/SWIRL/CodeRun/03-plotReport/tex-ou
tputs/egv2.pdf  used on input line 131.
(pdftex.def)             Requested size: 345.0pt x 222.98006pt.
</home/jeff-severino/SWIRL/CodeRun/03-plotReport/tex-outputs/egv3.pdf, id=10, 3
20.96913pt x 205.18657pt>
File: /home/jeff-severino/SWIRL/CodeRun/03-plotReport/tex-outputs/egv3.pdf Grap
hic file (type pdf)
<use /home/jeff-severino/SWIRL/CodeRun/03-plotReport/tex-outputs/egv3.pdf>
Package pdftex.def Info: /home/jeff-severino/SWIRL/CodeRun/03-plotReport/tex-ou
tputs/egv3.pdf  used on input line 138.
(pdftex.def)             Requested size: 345.0pt x 220.56813pt.
</home/jeff-severino/SWIRL/CodeRun/03-plotReport/tex-outputs/egv4.pdf, id=11, 3
21.10966pt x 203.65083pt>
File: /home/jeff-severino/SWIRL/CodeRun/03-plotReport/tex-outputs/egv4.pdf Grap
hic file (type pdf)
<use /home/jeff-severino/SWIRL/CodeRun/03-plotReport/tex-outputs/egv4.pdf>
Package pdftex.def Info: /home/jeff-severino/SWIRL/CodeRun/03-plotReport/tex-ou
tputs/egv4.pdf  used on input line 145.
(pdftex.def)             Requested size: 345.0pt x 218.8116pt.
</home/jeff-severino/SWIRL/CodeRun/03-plotReport/tex-outputs/egv5.pdf, id=12, 3
20.96913pt x 203.65083pt>
File: /home/jeff-severino/SWIRL/CodeRun/03-plotReport/tex-outputs/egv5.pdf Grap
hic file (type pdf)
<use /home/jeff-severino/SWIRL/CodeRun/03-plotReport/tex-outputs/egv5.pdf>
Package pdftex.def Info: /home/jeff-severino/SWIRL/CodeRun/03-plotReport/tex-ou
tputs/egv5.pdf  used on input line 152.
(pdftex.def)             Requested size: 345.0pt x 218.91727pt.
</home/jeff-severino/SWIRL/CodeRun/03-plotReport/tex-outputs/egv6.pdf, id=13, 3
20.96913pt x 203.65083pt>
File: /home/jeff-severino/SWIRL/CodeRun/03-plotReport/tex-outputs/egv6.pdf Grap
hic file (type pdf)
<use /home/jeff-severino/SWIRL/CodeRun/03-plotReport/tex-outputs/egv6.pdf>
Package pdftex.def Info: /home/jeff-severino/SWIRL/CodeRun/03-plotReport/tex-ou
tputs/egv6.pdf  used on input line 159.
(pdftex.def)             Requested size: 345.0pt x 218.91727pt.
</home/jeff-severino/SWIRL/CodeRun/03-plotReport/tex-outputs/egv7.pdf, id=14, 3
20.96913pt x 203.65083pt>
File: /home/jeff-severino/SWIRL/CodeRun/03-plotReport/tex-outputs/egv7.pdf Grap
hic file (type pdf)
<use /home/jeff-severino/SWIRL/CodeRun/03-plotReport/tex-outputs/egv7.pdf>
Package pdftex.def Info: /home/jeff-severino/SWIRL/CodeRun/03-plotReport/tex-ou
tputs/egv7.pdf  used on input line 166.
(pdftex.def)             Requested size: 345.0pt x 218.91727pt.
</home/jeff-severino/SWIRL/CodeRun/03-plotReport/tex-outputs/egv8.pdf, id=15, 3
16.84373pt x 203.65083pt>
File: /home/jeff-severino/SWIRL/CodeRun/03-plotReport/tex-outputs/egv8.pdf Grap
hic file (type pdf)
<use /home/jeff-severino/SWIRL/CodeRun/03-plotReport/tex-outputs/egv8.pdf>
Package pdftex.def Info: /home/jeff-severino/SWIRL/CodeRun/03-plotReport/tex-ou
tputs/egv8.pdf  used on input line 172.
(pdftex.def)             Requested size: 345.0pt x 221.7668pt.
</home/jeff-severino/SWIRL/CodeRun/03-plotReport/tex-outputs/egv9.pdf, id=16, 3
16.84373pt x 203.65083pt>
File: /home/jeff-severino/SWIRL/CodeRun/03-plotReport/tex-outputs/egv9.pdf Grap
hic file (type pdf)
<use /home/jeff-severino/SWIRL/CodeRun/03-plotReport/tex-outputs/egv9.pdf>
Package pdftex.def Info: /home/jeff-severino/SWIRL/CodeRun/03-plotReport/tex-ou
tputs/egv9.pdf  used on input line 179.
(pdftex.def)             Requested size: 345.0pt x 221.7668pt.
</home/jeff-severino/SWIRL/CodeRun/03-plotReport/tex-outputs/egvMag1.pdf, id=17
, 310.11859pt x 203.65083pt>
File: /home/jeff-severino/SWIRL/CodeRun/03-plotReport/tex-outputs/egvMag1.pdf G
raphic file (type pdf)
<use /home/jeff-severino/SWIRL/CodeRun/03-plotReport/tex-outputs/egvMag1.pdf>
Package pdftex.def Info: /home/jeff-severino/SWIRL/CodeRun/03-plotReport/tex-ou
tputs/egvMag1.pdf  used on input line 187.
(pdftex.def)             Requested size: 345.0pt x 226.57404pt.
</home/jeff-severino/SWIRL/CodeRun/03-plotReport/tex-outputs/egvMag2.pdf, id=18
, 310.11859pt x 203.65083pt>
File: /home/jeff-severino/SWIRL/CodeRun/03-plotReport/tex-outputs/egvMag2.pdf G
raphic file (type pdf)
<use /home/jeff-severino/SWIRL/CodeRun/03-plotReport/tex-outputs/egvMag2.pdf>
Package pdftex.def Info: /home/jeff-severino/SWIRL/CodeRun/03-plotReport/tex-ou
tputs/egvMag2.pdf  used on input line 194.
(pdftex.def)             Requested size: 345.0pt x 226.57404pt.
</home/jeff-severino/SWIRL/CodeRun/03-plotReport/tex-outputs/egvMag3.pdf, id=19
, 310.11859pt x 204.7349pt>
File: /home/jeff-severino/SWIRL/CodeRun/03-plotReport/tex-outputs/egvMag3.pdf G
raphic file (type pdf)
<use /home/jeff-severino/SWIRL/CodeRun/03-plotReport/tex-outputs/egvMag3.pdf>
Package pdftex.def Info: /home/jeff-severino/SWIRL/CodeRun/03-plotReport/tex-ou
tputs/egvMag3.pdf  used on input line 201.
(pdftex.def)             Requested size: 345.0pt x 227.7801pt.
</home/jeff-severino/SWIRL/CodeRun/03-plotReport/tex-outputs/egvMag4.pdf, id=20
, 310.11859pt x 203.65083pt>
File: /home/jeff-severino/SWIRL/CodeRun/03-plotReport/tex-outputs/egvMag4.pdf G
raphic file (type pdf)
<use /home/jeff-severino/SWIRL/CodeRun/03-plotReport/tex-outputs/egvMag4.pdf>
Package pdftex.def Info: /home/jeff-severino/SWIRL/CodeRun/03-plotReport/tex-ou
tputs/egvMag4.pdf  used on input line 208.
(pdftex.def)             Requested size: 345.0pt x 226.57404pt.
</home/jeff-severino/SWIRL/CodeRun/03-plotReport/tex-outputs/egvMag5.pdf, id=21
, 310.11859pt x 203.65083pt>
File: /home/jeff-severino/SWIRL/CodeRun/03-plotReport/tex-outputs/egvMag5.pdf G
raphic file (type pdf)
<use /home/jeff-severino/SWIRL/CodeRun/03-plotReport/tex-outputs/egvMag5.pdf>
Package pdftex.def Info: /home/jeff-severino/SWIRL/CodeRun/03-plotReport/tex-ou
tputs/egvMag5.pdf  used on input line 215.
(pdftex.def)             Requested size: 345.0pt x 226.57404pt.
</home/jeff-severino/SWIRL/CodeRun/03-plotReport/tex-outputs/egvMag6.pdf, id=22
, 310.11859pt x 205.5178pt>
File: /home/jeff-severino/SWIRL/CodeRun/03-plotReport/tex-outputs/egvMag6.pdf G
raphic file (type pdf)
<use /home/jeff-severino/SWIRL/CodeRun/03-plotReport/tex-outputs/egvMag6.pdf>
Package pdftex.def Info: /home/jeff-severino/SWIRL/CodeRun/03-plotReport/tex-ou
tputs/egvMag6.pdf  used on input line 222.
(pdftex.def)             Requested size: 345.0pt x 228.65117pt.
</home/jeff-severino/SWIRL/CodeRun/03-plotReport/tex-outputs/egvMag7.pdf, id=23
, 310.11859pt x 204.9758pt>
File: /home/jeff-severino/SWIRL/CodeRun/03-plotReport/tex-outputs/egvMag7.pdf G
raphic file (type pdf)
<use /home/jeff-severino/SWIRL/CodeRun/03-plotReport/tex-outputs/egvMag7.pdf>
Package pdftex.def Info: /home/jeff-severino/SWIRL/CodeRun/03-plotReport/tex-ou
tputs/egvMag7.pdf  used on input line 229.
(pdftex.def)             Requested size: 345.0pt x 228.04813pt.
</home/jeff-severino/SWIRL/CodeRun/03-plotReport/tex-outputs/egvMag8.pdf, id=24
, 310.11859pt x 203.65083pt>
File: /home/jeff-severino/SWIRL/CodeRun/03-plotReport/tex-outputs/egvMag8.pdf G
raphic file (type pdf)
<use /home/jeff-severino/SWIRL/CodeRun/03-plotReport/tex-outputs/egvMag8.pdf>
Package pdftex.def Info: /home/jeff-severino/SWIRL/CodeRun/03-plotReport/tex-ou
tputs/egvMag8.pdf  used on input line 235.
(pdftex.def)             Requested size: 345.0pt x 226.57404pt.
</home/jeff-severino/SWIRL/CodeRun/03-plotReport/tex-outputs/egvMag9.pdf, id=25
, 310.11859pt x 203.65083pt>
File: /home/jeff-severino/SWIRL/CodeRun/03-plotReport/tex-outputs/egvMag9.pdf G
raphic file (type pdf)
<use /home/jeff-severino/SWIRL/CodeRun/03-plotReport/tex-outputs/egvMag9.pdf>
Package pdftex.def Info: /home/jeff-severino/SWIRL/CodeRun/03-plotReport/tex-ou
tputs/egvMag9.pdf  used on input line 242.
(pdftex.def)             Requested size: 345.0pt x 226.57404pt.
 [1{/var/lib/texmf/fonts/map/pdftex/updmap/pdftex.map}] [2]
[3] [4] [5] [6 </home/jeff-severino/SWIRL/CodeRun/03-plotReport/tex-outputs/gam
.nonconv.scatter32.pdf> </home/jeff-severino/SWIRL/CodeRun/03-plotReport/tex-ou
tputs/gam.nonconv.scatter64.pdf>] [7 </home/jeff-severino/SWIRL/CodeRun/03-plot
Report/tex-outputs/gam.nonconv.scatter128.pdf> </home/jeff-severino/SWIRL/CodeR
un/03-plotReport/tex-outputs/gam.nonconv.scatter256.pdf>] [8 </home/jeff-severi
no/SWIRL/CodeRun/03-plotReport/tex-outputs/egv1.pdf> </home/jeff-severino/SWIRL
/CodeRun/03-plotReport/tex-outputs/egv2.pdf>] [9 </home/jeff-severino/SWIRL/Cod
eRun/03-plotReport/tex-outputs/egv3.pdf> </home/jeff-severino/SWIRL/CodeRun/03-
plotReport/tex-outputs/egv4.pdf>] [10 </home/jeff-severino/SWIRL/CodeRun/03-plo
tReport/tex-outputs/egv5.pdf> </home/jeff-severino/SWIRL/CodeRun/03-plotReport/
tex-outputs/egv6.pdf>] [11 </home/jeff-severino/SWIRL/CodeRun/03-plotReport/tex
-outputs/egv7.pdf> </home/jeff-severino/SWIRL/CodeRun/03-plotReport/tex-outputs
/egv8.pdf>] [12 </home/jeff-severino/SWIRL/CodeRun/03-plotReport/tex-outputs/eg
v9.pdf> </home/jeff-severino/SWIRL/CodeRun/03-plotReport/tex-outputs/egvMag1.pd
f>] [13 </home/jeff-severino/SWIRL/CodeRun/03-plotReport/tex-outputs/egvMag2.pd
f> </home/jeff-severino/SWIRL/CodeRun/03-plotReport/tex-outputs/egvMag3.pdf>]
[14 </home/jeff-severino/SWIRL/CodeRun/03-plotReport/tex-outputs/egvMag4.pdf> <
/home/jeff-severino/SWIRL/CodeRun/03-plotReport/tex-outputs/egvMag5.pdf>]
[15 </home/jeff-severino/SWIRL/CodeRun/03-plotReport/tex-outputs/egvMag6.pdf> <
/home/jeff-severino/SWIRL/CodeRun/03-plotReport/tex-outputs/egvMag7.pdf>]
[16 </home/jeff-severino/SWIRL/CodeRun/03-plotReport/tex-outputs/egvMag8.pdf> <
/home/jeff-severino/SWIRL/CodeRun/03-plotReport/tex-outputs/egvMag9.pdf>]
(./plotReport.aux) ) 
Here is how much of TeX's memory you used:
 22286 strings out of 481239
 602533 string characters out of 5920378
 1011953 words of memory out of 5000000
 37161 multiletter control sequences out of 15000+600000
 534161 words of font info for 30 fonts, out of 8000000 for 9000
 1141 hyphenation exceptions out of 8191
 78i,8n,136p,741b,609s stack positions out of 5000i,500n,10000p,200000b,80000s
</usr/share/texlive/texmf-dist/fonts/type1/public/amsfonts/
cm/cmmi10.pfb></usr/share/texlive/texmf-dist/fonts/type1/public/amsfonts/cm/cmm
i8.pfb></usr/share/texlive/texmf-dist/fonts/type1/public/amsfonts/cm/cmr10.pfb>
</usr/share/texlive/texmf-dist/fonts/type1/public/amsfonts/cm/cmr7.pfb></usr/sh
are/texlive/texmf-dist/fonts/type1/public/amsfonts/cm/cmr8.pfb></usr/share/texl
ive/texmf-dist/fonts/type1/public/amsfonts/cm/cmr9.pfb></usr/share/texlive/texm
f-dist/fonts/type1/public/amsfonts/cm/cmsy10.pfb></usr/share/texlive/texmf-dist
/fonts/type1/public/amsfonts/cm/cmsy9.pfb>
Output written on plotReport.pdf (16 pages, 446020 bytes).
PDF statistics:
 449 PDF objects out of 1000 (max. 8388607)
 292 compressed objects within 3 object streams
 0 named destinations out of 1000 (max. 500000)
 123 words of extra memory for PDF output out of 10000 (max. 10000000)

