This is pdfTeX, Version 3.14159265-2.6-1.40.20 (TeX Live 2019/Debian) (preloaded format=pdflatex 2021.6.23)  20 OCT 2022 11:27
entering extended mode
 restricted \write18 enabled.
 %&-line parsing enabled.
**doc_win.tex
(./doc_win.tex
LaTeX2e <2020-02-02> patch level 2
L3 programming layer <2020-02-14>
(/usr/share/texlive/texmf-dist/tex/latex/base/report.cls
Document Class: report 2019/12/20 v1.4l Standard LaTeX document class
(/usr/share/texlive/texmf-dist/tex/latex/base/size10.clo
File: size10.clo 2019/12/20 v1.4l Standard LaTeX file (size option)
)
\c@part=\count167
\c@chapter=\count168
\c@section=\count169
\c@subsection=\count170
\c@subsubsection=\count171
\c@paragraph=\count172
\c@subparagraph=\count173
\c@figure=\count174
\c@table=\count175
\abovecaptionskip=\skip47
\belowcaptionskip=\skip48
\bibindent=\dimen134
)
(/usr/share/texlive/texmf-dist/tex/latex/placeins/placeins.sty
Package: placeins 2005/04/18  v 2.2
)
(/usr/share/texlive/texmf-dist/tex/latex/mathtools/mathtools.sty
Package: mathtools 2020/01/17 v1.23 mathematical typesetting tools

(/usr/share/texlive/texmf-dist/tex/latex/graphics/keyval.sty
Package: keyval 2014/10/28 v1.15 key=value parser (DPC)
\KV@toks@=\toks14
)
(/usr/share/texlive/texmf-dist/tex/latex/tools/calc.sty
Package: calc 2017/05/25 v4.3 Infix arithmetic (KKT,FJ)
\calc@Acount=\count176
\calc@Bcount=\count177
\calc@Adimen=\dimen135
\calc@Bdimen=\dimen136
\calc@Askip=\skip49
\calc@Bskip=\skip50
LaTeX Info: Redefining \setlength on input line 80.
LaTeX Info: Redefining \addtolength on input line 81.
\calc@Ccount=\count178
\calc@Cskip=\skip51
)
(/usr/share/texlive/texmf-dist/tex/latex/mathtools/mhsetup.sty
Package: mhsetup 2017/03/31 v1.3 programming setup (MH)
)
(/usr/share/texlive/texmf-dist/tex/latex/amsmath/amsmath.sty
Package: amsmath 2020/01/20 v2.17e AMS math features
\@mathmargin=\skip52

For additional information on amsmath, use the `?' option.
(/usr/share/texlive/texmf-dist/tex/latex/amsmath/amstext.sty
Package: amstext 2000/06/29 v2.01 AMS text

(/usr/share/texlive/texmf-dist/tex/latex/amsmath/amsgen.sty
File: amsgen.sty 1999/11/30 v2.0 generic functions
\@emptytoks=\toks15
\ex@=\dimen137
))
(/usr/share/texlive/texmf-dist/tex/latex/amsmath/amsbsy.sty
Package: amsbsy 1999/11/29 v1.2d Bold Symbols
\pmbraise@=\dimen138
)
(/usr/share/texlive/texmf-dist/tex/latex/amsmath/amsopn.sty
Package: amsopn 2016/03/08 v2.02 operator names
)
\inf@bad=\count179
LaTeX Info: Redefining \frac on input line 227.
\uproot@=\count180
\leftroot@=\count181
LaTeX Info: Redefining \overline on input line 389.
\classnum@=\count182
\DOTSCASE@=\count183
LaTeX Info: Redefining \ldots on input line 486.
LaTeX Info: Redefining \dots on input line 489.
LaTeX Info: Redefining \cdots on input line 610.
\Mathstrutbox@=\box45
\strutbox@=\box46
\big@size=\dimen139
LaTeX Font Info:    Redeclaring font encoding OML on input line 733.
LaTeX Font Info:    Redeclaring font encoding OMS on input line 734.
\macc@depth=\count184
\c@MaxMatrixCols=\count185
\dotsspace@=\muskip16
\c@parentequation=\count186
\dspbrk@lvl=\count187
\tag@help=\toks16
\row@=\count188
\column@=\count189
\maxfields@=\count190
\andhelp@=\toks17
\eqnshift@=\dimen140
\alignsep@=\dimen141
\tagshift@=\dimen142
\tagwidth@=\dimen143
\totwidth@=\dimen144
\lineht@=\dimen145
\@envbody=\toks18
\multlinegap=\skip53
\multlinetaggap=\skip54
\mathdisplay@stack=\toks19
LaTeX Info: Redefining \[ on input line 2859.
LaTeX Info: Redefining \] on input line 2860.
)
LaTeX Info: Thecontrolsequence`\('isalreadyrobust on input line 129.
LaTeX Info: Thecontrolsequence`\)'isalreadyrobust on input line 129.
LaTeX Info: Thecontrolsequence`\['isalreadyrobust on input line 129.
LaTeX Info: Thecontrolsequence`\]'isalreadyrobust on input line 129.
\g_MT_multlinerow_int=\count191
\l_MT_multwidth_dim=\dimen146
\origjot=\skip55
\l_MT_shortvdotswithinadjustabove_dim=\dimen147
\l_MT_shortvdotswithinadjustbelow_dim=\dimen148
\l_MT_above_intertext_sep=\dimen149
\l_MT_below_intertext_sep=\dimen150
\l_MT_above_shortintertext_sep=\dimen151
\l_MT_below_shortintertext_sep=\dimen152
)
(/usr/share/texlive/texmf-dist/tex/latex/pgf/utilities/pgffor.sty
(/usr/share/texlive/texmf-dist/tex/latex/pgf/utilities/pgfrcs.sty
(/usr/share/texlive/texmf-dist/tex/generic/pgf/utilities/pgfutil-common.tex
\pgfutil@everybye=\toks20
\pgfutil@tempdima=\dimen153
\pgfutil@tempdimb=\dimen154

(/usr/share/texlive/texmf-dist/tex/generic/pgf/utilities/pgfutil-common-lists.t
ex)) (/usr/share/texlive/texmf-dist/tex/generic/pgf/utilities/pgfutil-latex.def
\pgfutil@abb=\box47
(/usr/share/texlive/texmf-dist/tex/latex/ms/everyshi.sty
Package: everyshi 2001/05/15 v3.00 EveryShipout Package (MS)
))
(/usr/share/texlive/texmf-dist/tex/generic/pgf/utilities/pgfrcs.code.tex
(/usr/share/texlive/texmf-dist/tex/generic/pgf/pgf.revision.tex)
Package: pgfrcs 2020/01/08 v3.1.5b (3.1.5b)
))
(/usr/share/texlive/texmf-dist/tex/latex/pgf/utilities/pgfkeys.sty
(/usr/share/texlive/texmf-dist/tex/generic/pgf/utilities/pgfkeys.code.tex
\pgfkeys@pathtoks=\toks21
\pgfkeys@temptoks=\toks22

(/usr/share/texlive/texmf-dist/tex/generic/pgf/utilities/pgfkeysfiltered.code.t
ex
\pgfkeys@tmptoks=\toks23
))) (/usr/share/texlive/texmf-dist/tex/latex/pgf/math/pgfmath.sty
(/usr/share/texlive/texmf-dist/tex/generic/pgf/math/pgfmath.code.tex
(/usr/share/texlive/texmf-dist/tex/generic/pgf/math/pgfmathcalc.code.tex
(/usr/share/texlive/texmf-dist/tex/generic/pgf/math/pgfmathutil.code.tex
\pgf@x=\dimen155
\pgf@xa=\dimen156
\pgf@xb=\dimen157
\pgf@xc=\dimen158
\pgf@y=\dimen159
\pgf@ya=\dimen160
\pgf@yb=\dimen161
\pgf@yc=\dimen162
\c@pgf@counta=\count192
\c@pgf@countb=\count193
\c@pgf@countc=\count194
\c@pgf@countd=\count195
)
(/usr/share/texlive/texmf-dist/tex/generic/pgf/math/pgfmathparser.code.tex
\pgfmath@dimen=\dimen163
\pgfmath@count=\count196
\pgfmath@box=\box48
\pgfmath@toks=\toks24
\pgfmath@stack@operand=\toks25
\pgfmath@stack@operation=\toks26
)
(/usr/share/texlive/texmf-dist/tex/generic/pgf/math/pgfmathfunctions.code.tex
(/usr/share/texlive/texmf-dist/tex/generic/pgf/math/pgfmathfunctions.basic.code
.tex)
(/usr/share/texlive/texmf-dist/tex/generic/pgf/math/pgfmathfunctions.trigonomet
ric.code.tex)
(/usr/share/texlive/texmf-dist/tex/generic/pgf/math/pgfmathfunctions.random.cod
e.tex)
(/usr/share/texlive/texmf-dist/tex/generic/pgf/math/pgfmathfunctions.comparison
.code.tex)
(/usr/share/texlive/texmf-dist/tex/generic/pgf/math/pgfmathfunctions.base.code.
tex)
(/usr/share/texlive/texmf-dist/tex/generic/pgf/math/pgfmathfunctions.round.code
.tex)
(/usr/share/texlive/texmf-dist/tex/generic/pgf/math/pgfmathfunctions.misc.code.
tex)
(/usr/share/texlive/texmf-dist/tex/generic/pgf/math/pgfmathfunctions.integerari
thmetics.code.tex)))
(/usr/share/texlive/texmf-dist/tex/generic/pgf/math/pgfmathfloat.code.tex
\c@pgfmathroundto@lastzeros=\count197
)))
(/usr/share/texlive/texmf-dist/tex/generic/pgf/utilities/pgffor.code.tex
Package: pgffor 2020/01/08 v3.1.5b (3.1.5b)

(/usr/share/texlive/texmf-dist/tex/generic/pgf/math/pgfmath.code.tex)
\pgffor@iter=\dimen164
\pgffor@skip=\dimen165
\pgffor@stack=\toks27
\pgffor@toks=\toks28
))
(/usr/share/texlive/texmf-dist/tex/latex/booktabs/booktabs.sty
Package: booktabs 2020/01/12 v1.61803398 Publication quality tables
\heavyrulewidth=\dimen166
\lightrulewidth=\dimen167
\cmidrulewidth=\dimen168
\belowrulesep=\dimen169
\belowbottomsep=\dimen170
\aboverulesep=\dimen171
\abovetopsep=\dimen172
\cmidrulesep=\dimen173
\cmidrulekern=\dimen174
\defaultaddspace=\dimen175
\@cmidla=\count198
\@cmidlb=\count199
\@aboverulesep=\dimen176
\@belowrulesep=\dimen177
\@thisruleclass=\count266
\@lastruleclass=\count267
\@thisrulewidth=\dimen178
)
(/usr/share/texlive/texmf-dist/tex/latex/l3backend/l3backend-pdfmode.def
File: l3backend-pdfmode.def 2020-02-03 L3 backend support: PDF mode
\l__kernel_color_stack_int=\count268
\l__pdf_internal_box=\box49
)
(./doc_win.aux

LaTeX Warning: Label `fig:analytical_bessel_function' multiply defined.


LaTeX Warning: Label `fig:analytical_bessel_function' multiply defined.


LaTeX Warning: Label `fig:analytical_bessel_function' multiply defined.


LaTeX Warning: Label `fig:analytical_bessel_function' multiply defined.


LaTeX Warning: Label `fig:analytical_bessel_function' multiply defined.


LaTeX Warning: Label `fig:analytical_bessel_function' multiply defined.


LaTeX Warning: Label `fig:analytical_bessel_function' multiply defined.


LaTeX Warning: Label `fig:analytical_bessel_function' multiply defined.


LaTeX Warning: Label `fig:analytical_bessel_function' multiply defined.


LaTeX Warning: Label `fig:analytical_bessel_function' multiply defined.


LaTeX Warning: Label `fig:analytical_bessel_function' multiply defined.


LaTeX Warning: Label `fig:analytical_bessel_function' multiply defined.


LaTeX Warning: Label `fig:analytical_bessel_function' multiply defined.

)
\openout1 = `doc_win.aux'.

LaTeX Font Info:    Checking defaults for OML/cmm/m/it on input line 11.
LaTeX Font Info:    ... okay on input line 11.
LaTeX Font Info:    Checking defaults for OMS/cmsy/m/n on input line 11.
LaTeX Font Info:    ... okay on input line 11.
LaTeX Font Info:    Checking defaults for OT1/cmr/m/n on input line 11.
LaTeX Font Info:    ... okay on input line 11.
LaTeX Font Info:    Checking defaults for T1/cmr/m/n on input line 11.
LaTeX Font Info:    ... okay on input line 11.
LaTeX Font Info:    Checking defaults for TS1/cmr/m/n on input line 11.
LaTeX Font Info:    ... okay on input line 11.
LaTeX Font Info:    Checking defaults for OMX/cmex/m/n on input line 11.
LaTeX Font Info:    ... okay on input line 11.
LaTeX Font Info:    Checking defaults for U/cmr/m/n on input line 11.
LaTeX Font Info:    ... okay on input line 11.
 (/usr/share/texlive/texmf-dist/tex/latex/graphics/graphicx.sty
Package: graphicx 2019/11/30 v1.2a Enhanced LaTeX Graphics (DPC,SPQR)

(/usr/share/texlive/texmf-dist/tex/latex/graphics/graphics.sty
Package: graphics 2019/11/30 v1.4a Standard LaTeX Graphics (DPC,SPQR)

(/usr/share/texlive/texmf-dist/tex/latex/graphics/trig.sty
Package: trig 2016/01/03 v1.10 sin cos tan (DPC)
)
(/usr/share/texlive/texmf-dist/tex/latex/graphics-cfg/graphics.cfg
File: graphics.cfg 2016/06/04 v1.11 sample graphics configuration
)
Package graphics Info: Driver file: pdftex.def on input line 105.

(/usr/share/texlive/texmf-dist/tex/latex/graphics-def/pdftex.def
File: pdftex.def 2018/01/08 v1.0l Graphics/color driver for pdftex

(/usr/share/texlive/texmf-dist/tex/context/base/mkii/supp-pdf.mkii
[Loading MPS to PDF converter (version 2006.09.02).]
\scratchcounter=\count269
\scratchdimen=\dimen179
\scratchbox=\box50
\nofMPsegments=\count270
\nofMParguments=\count271
\everyMPshowfont=\toks29
\MPscratchCnt=\count272
\MPscratchDim=\dimen180
\MPnumerator=\count273
\makeMPintoPDFobject=\count274
\everyMPtoPDFconversion=\toks30
))) (/usr/share/texlive/texmf-dist/tex/latex/epstopdf-pkg/epstopdf-base.sty
Package: epstopdf-base 2020-01-24 v2.11 Base part for package epstopdf
Package epstopdf-base Info: Redefining graphics rule for `.eps' on input line 4
85.

(/usr/share/texlive/texmf-dist/tex/latex/latexconfig/epstopdf-sys.cfg
File: epstopdf-sys.cfg 2010/07/13 v1.3 Configuration of (r)epstopdf for TeX Liv
e
))
\Gin@req@height=\dimen181
\Gin@req@width=\dimen182
)
ABD: EveryShipout initializing macros [1

{/var/lib/texmf/fonts/map/pdftex/updmap/pdftex.map}] [1] [2] [3]
<../figures/axial_wavenumber_analytical_test_case_comparison_32gridpoints_fourt
h_order.pdf, id=27, 462.52798pt x 346.89601pt>
File: ../figures/axial_wavenumber_analytical_test_case_comparison_32gridpoints_
fourth_order.pdf Graphic file (type pdf)
<use ../figures/axial_wavenumber_analytical_test_case_comparison_32gridpoints_f
ourth_order.pdf>
Package pdftex.def Info: ../figures/axial_wavenumber_analytical_test_case_compa
rison_32gridpoints_fourth_order.pdf  used on input line 172.
(pdftex.def)             Requested size: 345.0pt x 258.76337pt.
<../figures/axial_wavenumber_analytical_test_case_comparison_64gridpoints_fourt
h_order.pdf, id=28, 462.52798pt x 346.89601pt>
File: ../figures/axial_wavenumber_analytical_test_case_comparison_64gridpoints_
fourth_order.pdf Graphic file (type pdf)
<use ../figures/axial_wavenumber_analytical_test_case_comparison_64gridpoints_f
ourth_order.pdf>
Package pdftex.def Info: ../figures/axial_wavenumber_analytical_test_case_compa
rison_64gridpoints_fourth_order.pdf  used on input line 172.
(pdftex.def)             Requested size: 345.0pt x 258.76337pt.


LaTeX Warning: `!h' float specifier changed to `!ht'.

<../figures/axial_wavenumber_analytical_test_case_comparison_128gridpoints_four
th_order.pdf, id=29, 462.52798pt x 346.89601pt>
File: ../figures/axial_wavenumber_analytical_test_case_comparison_128gridpoints
_fourth_order.pdf Graphic file (type pdf)
<use ../figures/axial_wavenumber_analytical_test_case_comparison_128gridpoints_
fourth_order.pdf>
Package pdftex.def Info: ../figures/axial_wavenumber_analytical_test_case_compa
rison_128gridpoints_fourth_order.pdf  used on input line 172.
(pdftex.def)             Requested size: 345.0pt x 258.76337pt.

LaTeX Warning: `!h' float specifier changed to `!ht'.

<../figures/axial_wavenumber_analytical_test_case_comparison_256gridpoints_four
th_order.pdf, id=30, 462.52798pt x 346.89601pt>
File: ../figures/axial_wavenumber_analytical_test_case_comparison_256gridpoints
_fourth_order.pdf Graphic file (type pdf)
<use ../figures/axial_wavenumber_analytical_test_case_comparison_256gridpoints_
fourth_order.pdf>
Package pdftex.def Info: ../figures/axial_wavenumber_analytical_test_case_compa
rison_256gridpoints_fourth_order.pdf  used on input line 172.
(pdftex.def)             Requested size: 345.0pt x 258.76337pt.

LaTeX Warning: `!h' float specifier changed to `!ht'.

[4 <../figures/axial_wavenumber_analytical_test_case_comparison_32gridpoints_fo
urth_order.pdf>]

LaTeX Warning: Text page 5 contains only floats.


Overfull \vbox (3.41562pt too high) has occurred while \output is active []


[5 <../figures/axial_wavenumber_analytical_test_case_comparison_64gridpoints_fo
urth_order.pdf> <../figures/axial_wavenumber_analytical_test_case_comparison_12
8gridpoints_fourth_order.pdf

pdfTeX warning: pdflatex (file ../figures/axial_wavenumber_analytical_test_case
_comparison_128gridpoints_fourth_order.pdf): PDF inclusion: multiple pdfs with 
page group included in a single page
>] [6 <../figures/axial_wavenumber_analytical_test_case_comparison_256gridpoint
s_fourth_order.pdf>]

LaTeX Warning: File `/home/jeff-severino/SWIRL/SourceFiles/PythonFiles/Analytic
alSolution_JS/figures/fourth_order_radial_mode_0_test_case_number_0_grid_32.pdf
' not found on input line 265.


! Package pdftex.def Error: File `/home/jeff-severino/SWIRL/SourceFiles/PythonF
iles/AnalyticalSolution_JS/figures/fourth_order_radial_mode_0_test_case_number_
0_grid_32.pdf' not found: using draft setting.

See the pdftex.def package documentation for explanation.
Type  H <return>  for immediate help.
 ...                                              
                                                  
l.265 }
       
? 
! Interruption.
\GenericError  ...                                
                                                  \endgroup 
l.265 }
       
? 

LaTeX Warning: File `/home/jeff-severino/SWIRL/SourceFiles/PythonFiles/Analytic
alSolution_JS/figures/fourth_order_radial_mode_error_0_test_case_number_0_grid_
32.pdf' not found on input line 265.


! Package pdftex.def Error: File `/home/jeff-severino/SWIRL/SourceFiles/PythonF
iles/AnalyticalSolution_JS/figures/fourth_order_radial_mode_error_0_test_case_n
umber_0_grid_32.pdf' not found: using draft setting.

See the pdftex.def package documentation for explanation.
Type  H <return>  for immediate help.
 ...                                              
                                                  
l.265 }
       
? 
! Emergency stop.
 ...                                              
                                                  
l.265 }
       
Try typing  <return>  to proceed.
If that doesn't work, type  X <return>  to quit.

 
Here is how much of TeX's memory you used:
 7616 strings out of 483183
 148811 string characters out of 5966292
 351140 words of memory out of 5000000
 22528 multiletter control sequences out of 15000+600000
 535522 words of font info for 35 fonts, out of 8000000 for 9000
 14 hyphenation exceptions out of 8191
 43i,16n,52p,382b,301s stack positions out of 5000i,500n,10000p,200000b,80000s
!  ==> Fatal error occurred, no output PDF file produced!
