This is pdfTeX, Version 3.14159265-2.6-1.40.20 (TeX Live 2019/Debian) (preloaded format=pdflatex 2021.2.2)  26 MAR 2021 11:26
entering extended mode
 restricted \write18 enabled.
 %&-line parsing enabled.
**UThesis_Template_(v12).tex
(./UThesis_Template_(v12).tex
LaTeX2e <2020-02-02> patch level 2
L3 programming layer <2020-02-14> (./uthesis-v12.cls
=========================================================
============ University of Toledo Thesis Style ==========
======================== UThesis ========================
=========================================================
======================= Mike Dowd =======================
==================== August 22, 2011 ====================
=========================================================
Document Class: uthesis-v12 1994/12/09 v1.2x Standard LaTeX document class
(/usr/share/texlive/texmf-dist/tex/latex/base/size12.clo
File: size12.clo 2019/12/20 v1.4l Standard LaTeX file (size option)
)
\c@part=\count167
\c@chapter=\count168
\c@section=\count169
\c@subsection=\count170
\c@subsubsection=\count171
\c@paragraph=\count172
\c@subparagraph=\count173
\c@figure=\count174
\c@table=\count175
\abovecaptionskip=\skip47
\belowcaptionskip=\skip48
\bibindent=\dimen134

=========================================================
============ University of Toledo Thesis Style ==========
=========================================================
================= 
================= Let the magic begin ...
================= 
=========================================================
------------> borrowing Lamport's and Carlisle's ifthen.sty
------------> borrowing Stephen Page's doublespace.sty
------------> borrowing David M. Jones' hangcaption.sty
\captionwidth=\skip49
------------> UT Thesis Specifications
\c@TotalSIGs=\count176
\c@SecondSIG=\count177
\c@ThirdSIG=\count178
\c@FourthSIG=\count179
\c@FifthSIG=\count180
\c@SixthSIG=\count181
\c@SeventhSIG=\count182
\c@EighthSIG=\count183
------------> borrowing David Carlisle's indentfirst.sty
) (/usr/share/texlive/texmf-dist/tex/latex/l3backend/l3backend-pdfmode.def
File: l3backend-pdfmode.def 2020-02-03 L3 backend support: PDF mode
\l__kernel_color_stack_int=\count184
\l__pdf_internal_box=\box45
)
(./UThesis_Template_(v12).aux)
\openout1 = `UThesis_Template_(v12).aux'.

LaTeX Font Info:    Checking defaults for OML/cmm/m/it on input line 2.
LaTeX Font Info:    ... okay on input line 2.
LaTeX Font Info:    Checking defaults for OMS/cmsy/m/n on input line 2.
LaTeX Font Info:    ... okay on input line 2.
LaTeX Font Info:    Checking defaults for OT1/cmr/m/n on input line 2.
LaTeX Font Info:    ... okay on input line 2.
LaTeX Font Info:    Checking defaults for T1/cmr/m/n on input line 2.
LaTeX Font Info:    ... okay on input line 2.
LaTeX Font Info:    Checking defaults for TS1/cmr/m/n on input line 2.
LaTeX Font Info:    ... okay on input line 2.
LaTeX Font Info:    Checking defaults for OMX/cmex/m/n on input line 2.
LaTeX Font Info:    ... okay on input line 2.
LaTeX Font Info:    Checking defaults for U/cmr/m/n on input line 2.
LaTeX Font Info:    ... okay on input line 2.
LaTeX Font Info:    External font `cmex10' loaded for size
(Font)              <12> on input line 179.
LaTeX Font Info:    External font `cmex10' loaded for size
(Font)              <8> on input line 179.
LaTeX Font Info:    External font `cmex10' loaded for size
(Font)              <6> on input line 179.
 [1

{/var/lib/texmf/fonts/map/pdftex/updmap/pdftex.map}] [2

] [3


] [4

] [5


] (./UThesis_Template_(v12).toc)
\tf@toc=\write3
\openout3 = `UThesis_Template_(v12).toc'.

 [6


]
(./UThesis_Template_(v12).lot)
\tf@lot=\write4
\openout4 = `UThesis_Template_(v12).lot'.

 [7

] (./UThesis_Template_(v12).lof)
\tf@lof=\write5
\openout5 = `UThesis_Template_(v12).lof'.

 [8

] [9

]
Underfull \hbox (badness 10000) in paragraph at lines 327--328

 []


Underfull \hbox (badness 10000) in paragraph at lines 332--333

 []

[10

] [11

]
Chapter 1.
[1



]
Chapter 2.
LaTeX Font Info:    Trying to load font information for OMS+cmtt on input line 
456.
LaTeX Font Info:    No file OMScmtt.fd. on input line 456.

LaTeX Font Warning: Font shape `OMS/cmtt/m/n' undefined
(Font)              using `OMS/cmsy/m/n' instead
(Font)              for symbol `textbraceleft' on input line 456.

[2

]
Underfull \hbox (badness 10000) detected at line 535
 
 []


Underfull \hbox (badness 10000) detected at line 538
 
 []


Underfull \hbox (badness 10000) detected at line 542
 
 []


Underfull \hbox (badness 10000) detected at line 546
 
 []


Underfull \hbox (badness 10000) detected at line 558
 
 []


Underfull \hbox (badness 10000) detected at line 561
 
 []


Underfull \hbox (badness 10000) detected at line 565
 
 []


Underfull \hbox (badness 10000) detected at line 569
 
 []

[3

]
Appendix A.
[4

]
Appendix B.
[5

] (./UThesis_Template_(v12).aux)

LaTeX Font Warning: Some font shapes were not available, defaults substituted.

 ) 
Here is how much of TeX's memory you used:
 604 strings out of 481239
 9102 string characters out of 5920378
 243732 words of memory out of 5000000
 15931 multiletter control sequences out of 15000+600000
 536803 words of font info for 39 fonts, out of 8000000 for 9000
 1141 hyphenation exceptions out of 8191
 24i,10n,21p,258b,340s stack positions out of 5000i,500n,10000p,200000b,80000s
</usr/share/texlive/texmf-dist/fonts/type1/public/amsfonts/cm/cmbx12.pfb></us
r/share/texlive/texmf-dist/fonts/type1/public/amsfonts/cm/cmmi12.pfb></usr/shar
e/texlive/texmf-dist/fonts/type1/public/amsfonts/cm/cmr12.pfb></usr/share/texli
ve/texmf-dist/fonts/type1/public/amsfonts/cm/cmr8.pfb></usr/share/texlive/texmf
-dist/fonts/type1/public/amsfonts/cm/cmsy10.pfb></usr/share/texlive/texmf-dist/
fonts/type1/public/amsfonts/cm/cmti12.pfb></usr/share/texlive/texmf-dist/fonts/
type1/public/amsfonts/cm/cmtt12.pfb>
Output written on UThesis_Template_(v12).pdf (16 pages, 91326 bytes).
PDF statistics:
 84 PDF objects out of 1000 (max. 8388607)
 58 compressed objects within 1 object stream
 0 named destinations out of 1000 (max. 500000)
 1 words of extra memory for PDF output out of 10000 (max. 10000000)

