This is pdfTeX, Version 3.14159265-2.6-1.40.20 (TeX Live 2019/Debian) (preloaded format=pdflatex 2021.2.2)  2 APR 2021 03:04
entering extended mode
 restricted \write18 enabled.
 %&-line parsing enabled.
**meanFlowInOut.png
(./meanFlowInOut.png
LaTeX2e <2020-02-02> patch level 2
L3 programming layer <2020-02-14>

! Package inputenc Error: Invalid UTF-8 byte "89.

See the inputenc package documentation for explanation.
Type  H <return>  for immediate help.
 ...                                              
                                                  
l.1 ‰
     PNG
? 
! Emergency stop.
 ...                                              
                                                  
l.1 ‰
     PNG
The document does not appear to be in UTF-8 encoding.
Try adding \UseRawInputEncoding as the first line of the file
or specify an encoding such as \usepackage [latin1]{inputenc}
in the document preamble.
Alternatively, save the file in UTF-8 using your editor or another tool

 
Here is how much of TeX's memory you used:
 18 strings out of 481239
 558 string characters out of 5920378
 236564 words of memory out of 5000000
 15384 multiletter control sequences out of 15000+600000
 532338 words of font info for 24 fonts, out of 8000000 for 9000
 1141 hyphenation exceptions out of 8191
 12i,0n,15p,53b,14s stack positions out of 5000i,500n,10000p,200000b,80000s
!  ==> Fatal error occurred, no output PDF file produced!
